351093 113908 443
876619 341711 525
649812 321781 470
615280 846607 525
762948 114751 470
40091 72408 340
125457 915311 525
327668 368954 441
245276 375621 441
170584 786117 470
499466 719737 470
933585 330757 525
553617 890711 525
62418 704222 470
751387 539727 452
888690 905084 401
801661 726475 468
599649 530495 452
790759 978450 525
351834 38320 443
578907 308958 470
999147 639379 525
672195 956704 525
676394 349465 470
261924 779196 470
397409 161911 443
333581 952868 525
575294 178232 470
485442 398810 449
955153 759802 525
742339 324179 470
472027 914984 525
898278 323080 525
539448 689289 452
154428 295382 443
316405 511410 449
561648 555948 359
416846 369558 449
129284 861083 525
188802 303568 443
783986 597754 468
159946 581528 470
222145 895154 525
477516 752558 470
804240 87090 470
730085 993138 525
579841 829799 468
675537 493651 470
399767 777372 470
82563 137391 354
453836 337659 449
551198 830739 468
358115 974934 525
172118 61131 383
60915 150906 375
811037 648574 468
926663 27794 525
35603 941636 525
297792 613601 470
775953 186933 470
946211 75493 525
347605 912982 525
948293 930669 445
576678 376309 470
425771 201319 449
859959 493148 525
589467 782020 468
316417 551114 470
536641 119048 470
707576 471392 470
255401 46699 443
844690 80340 525
14305 992952 525
738152 865099 525
387959 487400 449
201666 957124 525
459725 743339 470
8592 473628 449
603444 123782 470
527854 324336 470
720609 436523 470
616836 177907 470
934452 629069 525
68022 102768 351
612993 63768 470
619390 222445 470
849123 386851 525
958219 63265 525
633031 904967 525
377082 100397 443
454431 605996 470
759849 272109 470
826952 790181 468
409804 625095 470
242170 432157 449
363430 994426 525
749873 319793 470
64762 108468 354
701765 979141 525
428916 131759 449
1 10 20
100 200 125
201 210 89
900 1000 174
1 1 1
20 15 21
113382 113382 67
